# JRE version: OpenJDK Runtime Environment Microsoft-11926113 (17.0.16+8) (build 17.0.16+8-LTS)
# Java VM: OpenJDK 64-Bit Server VM Microsoft-11926113 (17.0.16+8-LTS, mixed mode, sharing, tiered, compressed oops, compressed class ptrs, g1 gc, linux-amd64)
GC Precious Log:
 CPUs: 8 total, 8 available
 Memory: 15692M
 Large Page Support: Disabled
 NUMA Support: Disabled
 Compressed Oops: Enabled (32-bit)
 Heap Region Size: 1M
 Heap Min Capacity: 256M
 Heap Initial Capacity: 256M
 Heap Max Capacity: 512M
 Pre-touch: Disabled
 Parallel Workers: 8
 Concurrent Workers: 2
 Concurrent Refinement Workers: 8
 Periodic GC: Disabled
Heap:
 garbage-first heap   total 262144K, used 201217K [0x00000000e0000000, 0x0000000100000000)
  region size 1024K, 117 young (119808K), 7 survivors (7168K)
 Metaspace       used 79798K, committed 80576K, reserved 458752K
  class space    used 11146K, committed 11520K, reserved 327680K
GC Heap History (20 events):
Event: 1.311 GC heap after
{Heap after GC invocations=3 (full 0):
 garbage-first heap   total 264192K, used 19876K [0x00000000e0000000, 0x0000000100000000)
  region size 1024K, 8 young (8192K), 8 survivors (8192K)
 Metaspace       used 11948K, committed 12160K, reserved 393216K
  class space    used 1624K, committed 1728K, reserved 327680K
}
Event: 2.035 GC heap before
{Heap before GC invocations=3 (full 0):
 garbage-first heap   total 264192K, used 95652K [0x00000000e0000000, 0x0000000100000000)
  region size 1024K, 83 young (84992K), 8 survivors (8192K)
 Metaspace       used 21225K, committed 21504K, reserved 393216K
  class space    used 3128K, committed 3264K, reserved 327680K
}
Event: 2.045 GC heap after
{Heap after GC invocations=4 (full 0):
 garbage-first heap   total 264192K, used 23754K [0x00000000e0000000, 0x0000000100000000)
  region size 1024K, 12 young (12288K), 12 survivors (12288K)
 Metaspace       used 21225K, committed 21504K, reserved 393216K
  class space    used 3128K, committed 3264K, reserved 327680K
}
Event: 3.463 GC heap before
{Heap before GC invocations=5 (full 0):
 garbage-first heap   total 262144K, used 170186K [0x00000000e0000000, 0x0000000100000000)
  region size 1024K, 134 young (137216K), 12 survivors (12288K)
 Metaspace       used 35643K, committed 36096K, reserved 393216K
  class space    used 4969K, committed 5184K, reserved 327680K
}
Event: 3.485 GC heap after
{Heap after GC invocations=6 (full 0):
 garbage-first heap   total 262144K, used 54141K [0x00000000e0000000, 0x0000000100000000)
  region size 1024K, 20 young (20480K), 20 survivors (20480K)
 Metaspace       used 35643K, committed 36096K, reserved 393216K
  class space    used 4969K, committed 5184K, reserved 327680K
}
Event: 3.501 GC heap before
{Heap before GC invocations=6 (full 0):
 garbage-first heap   total 262144K, used 55165K [0x00000000e0000000, 0x0000000100000000)
  region size 1024K, 21 young (21504K), 20 survivors (20480K)
 Metaspace       used 35733K, committed 36224K, reserved 393216K
  class space    used 4981K, committed 5184K, reserved 327680K
}
Event: 3.515 GC heap after
{Heap after GC invocations=7 (full 0):
 garbage-first heap   total 262144K, used 55045K [0x00000000e0000000, 0x0000000100000000)
  region size 1024K, 2 young (2048K), 2 survivors (2048K)
 Metaspace       used 35733K, committed 36224K, reserved 393216K
  class space    used 4981K, committed 5184K, reserved 327680K
}
Event: 3.542 GC heap before
{Heap before GC invocations=7 (full 0):
 garbage-first heap   total 262144K, used 58117K [0x00000000e0000000, 0x0000000100000000)
  region size 1024K, 6 young (6144K), 2 survivors (2048K)
 Metaspace       used 35995K, committed 36416K, reserved 393216K
  class space    used 5023K, committed 5184K, reserved 327680K
}
Event: 3.544 GC heap after
{Heap after GC invocations=8 (full 0):
 garbage-first heap   total 262144K, used 53426K [0x00000000e0000000, 0x0000000100000000)
  region size 1024K, 1 young (1024K), 1 survivors (1024K)
 Metaspace       used 35995K, committed 36416K, reserved 393216K
  class space    used 5023K, committed 5184K, reserved 327680K
}
Event: 5.132 GC heap before
{Heap before GC invocations=9 (full 0):
 garbage-first heap   total 262144K, used 203954K [0x00000000e0000000, 0x0000000100000000)
  region size 1024K, 145 young (148480K), 1 survivors (1024K)
 Metaspace       used 48166K, committed 48768K, reserved 393216K
  class space    used 6794K, committed 7104K, reserved 327680K
}
Event: 5.138 GC heap after
{Heap after GC invocations=10 (full 0):
 garbage-first heap   total 262144K, used 64356K [0x00000000e0000000, 0x0000000100000000)
  region size 1024K, 10 young (10240K), 10 survivors (10240K)
 Metaspace       used 48166K, committed 48768K, reserved 393216K
  class space    used 6794K, committed 7104K, reserved 327680K
}
Event: 5.156 GC heap before
{Heap before GC invocations=10 (full 0):
 garbage-first heap   total 262144K, used 66404K [0x00000000e0000000, 0x0000000100000000)
  region size 1024K, 12 young (12288K), 10 survivors (10240K)
 Metaspace       used 48224K, committed 48832K, reserved 393216K
  class space    used 6803K, committed 7104K, reserved 327680K
}
Event: 5.164 GC heap after
{Heap after GC invocations=11 (full 0):
 garbage-first heap   total 262144K, used 65134K [0x00000000e0000000, 0x0000000100000000)
  region size 1024K, 2 young (2048K), 2 survivors (2048K)
 Metaspace       used 48224K, committed 48832K, reserved 393216K
  class space    used 6803K, committed 7104K, reserved 327680K
}
Event: 13.781 GC heap before
{Heap before GC invocations=11 (full 0):
 garbage-first heap   total 262144K, used 132718K [0x00000000e0000000, 0x0000000100000000)
  region size 1024K, 69 young (70656K), 2 survivors (2048K)
 Metaspace       used 60225K, committed 60928K, reserved 393216K
  class space    used 8371K, committed 8704K, reserved 327680K
}
Event: 13.789 GC heap after
{Heap after GC invocations=12 (full 0):
 garbage-first heap   total 262144K, used 70098K [0x00000000e0000000, 0x0000000100000000)
  region size 1024K, 7 young (7168K), 7 survivors (7168K)
 Metaspace       used 60225K, committed 60928K, reserved 393216K
  class space    used 8371K, committed 8704K, reserved 327680K
}
Event: 23.762 GC heap before
{Heap before GC invocations=13 (full 0):
 garbage-first heap   total 262144K, used 192978K [0x00000000e0000000, 0x0000000100000000)
  region size 1024K, 127 young (130048K), 7 survivors (7168K)
 Metaspace       used 69643K, committed 70336K, reserved 393216K
  class space    used 9745K, committed 10048K, reserved 327680K
}
Event: 23.775 GC heap after
{Heap after GC invocations=14 (full 0):
 garbage-first heap   total 262144K, used 77361K [0x00000000e0000000, 0x0000000100000000)
  region size 1024K, 14 young (14336K), 14 survivors (14336K)
 Metaspace       used 69643K, committed 70336K, reserved 393216K
  class space    used 9745K, committed 10048K, reserved 327680K
}
Event: 30.636 GC heap before
{Heap before GC invocations=14 (full 0):
 garbage-first heap   total 262144K, used 199217K [0x00000000e0000000, 0x0000000100000000)
  region size 1024K, 131 young (134144K), 14 survivors (14336K)
 Metaspace       used 78274K, committed 79040K, reserved 458752K
  class space    used 11068K, committed 11392K, reserved 327680K
}
Event: 30.650 GC heap after
{Heap after GC invocations=15 (full 0):
 garbage-first heap   total 262144K, used 88577K [0x00000000e0000000, 0x0000000100000000)
  region size 1024K, 17 young (17408K), 17 survivors (17408K)
 Metaspace       used 78274K, committed 79040K, reserved 458752K
  class space    used 11068K, committed 11392K, reserved 327680K
}
Event: 51.142 GC heap before
{Heap before GC invocations=15 (full 0):
 garbage-first heap   total 262144K, used 200193K [0x00000000e0000000, 0x0000000100000000)
  region size 1024K, 127 young (130048K), 17 survivors (17408K)
 Metaspace       used 79798K, committed 80576K, reserved 458752K
  class space    used 11146K, committed 11520K, reserved 327680K
}

