# JRE version: OpenJDK Runtime Environment Microsoft-11926113 (17.0.16+8) (build 17.0.16+8-LTS)
# Java VM: OpenJDK 64-Bit Server VM Microsoft-11926113 (17.0.16+8-LTS, mixed mode, sharing, tiered, compressed oops, compressed class ptrs, g1 gc, linux-amd64)
GC Precious Log:
 CPUs: 8 total, 8 available
 Memory: 15692M
 Large Page Support: Disabled
 NUMA Support: Disabled
 Compressed Oops: Enabled (32-bit)
 Heap Region Size: 1M
 Heap Min Capacity: 256M
 Heap Initial Capacity: 256M
 Heap Max Capacity: 512M
 Pre-touch: Disabled
 Parallel Workers: 8
 Concurrent Workers: 2
 Concurrent Refinement Workers: 8
 Periodic GC: Disabled
Heap:
 garbage-first heap   total 264192K, used 42791K [0x00000000e0000000, 0x0000000100000000)
  region size 1024K, 30 young (30720K), 7 survivors (7168K)
 Metaspace       used 14774K, committed 15104K, reserved 393216K
  class space    used 2042K, committed 2240K, reserved 327680K
GC Heap History (6 events):
Event: 0.329 GC heap before
{Heap before GC invocations=0 (full 0):
 garbage-first heap   total 264192K, used 26548K [0x00000000e0000000, 0x0000000100000000)
  region size 1024K, 23 young (23552K), 0 survivors (0K)
 Metaspace       used 1166K, committed 1280K, reserved 393216K
  class space    used 74K, committed 128K, reserved 327680K
}
Event: 0.331 GC heap after
{Heap after GC invocations=1 (full 0):
 garbage-first heap   total 264192K, used 9806K [0x00000000e0000000, 0x0000000100000000)
  region size 1024K, 3 young (3072K), 3 survivors (3072K)
 Metaspace       used 1166K, committed 1280K, reserved 393216K
  class space    used 74K, committed 128K, reserved 327680K
}
Event: 0.662 GC heap before
{Heap before GC invocations=1 (full 0):
 garbage-first heap   total 264192K, used 47694K [0x00000000e0000000, 0x0000000100000000)
  region size 1024K, 40 young (40960K), 3 survivors (3072K)
 Metaspace       used 4444K, committed 4608K, reserved 393216K
  class space    used 559K, committed 640K, reserved 327680K
}
Event: 0.665 GC heap after
{Heap after GC invocations=2 (full 0):
 garbage-first heap   total 264192K, used 12648K [0x00000000e0000000, 0x0000000100000000)
  region size 1024K, 3 young (3072K), 3 survivors (3072K)
 Metaspace       used 4444K, committed 4608K, reserved 393216K
  class space    used 559K, committed 640K, reserved 327680K
}
Event: 1.167 GC heap before
{Heap before GC invocations=2 (full 0):
 garbage-first heap   total 264192K, used 65896K [0x00000000e0000000, 0x0000000100000000)
  region size 1024K, 53 young (54272K), 3 survivors (3072K)
 Metaspace       used 11368K, committed 11584K, reserved 393216K
  class space    used 1542K, committed 1664K, reserved 327680K
}
Event: 1.172 GC heap after
{Heap after GC invocations=3 (full 0):
 garbage-first heap   total 264192K, used 20263K [0x00000000e0000000, 0x0000000100000000)
  region size 1024K, 7 young (7168K), 7 survivors (7168K)
 Metaspace       used 11368K, committed 11584K, reserved 393216K
  class space    used 1542K, committed 1664K, reserved 327680K
}

